<?xml version="1.0" encoding="UTF-8"?>
<testsuite xmlns:xsi="http://www.w3.org/2001/XMLSchema-instance" xsi:noNamespaceSchemaLocation="https://maven.apache.org/surefire/maven-surefire-plugin/xsd/surefire-test-report-3.0.xsd" version="3.0" name="adt.queue.StudentQueueTest" time="0.111" tests="7" errors="0" skipped="0" failures="0">
  <properties>
[...]
</properties>
  <testcase name="testEnqueue" classname="adt.queue.StudentQueueTest" time="0.007"/>
  <testcase name="testHead" classname="adt.queue.StudentQueueTest" time="0.0"/>
  <testcase name="testDequeueComErro" classname="adt.queue.StudentQueueTest" time="0.001"/>
  <testcase name="testDequeue" classname="adt.queue.StudentQueueTest" time="0.0"/>
  <testcase name="testIsFull" classname="adt.queue.StudentQueueTest" time="0.002"/>
  <testcase name="testIsEmpty" classname="adt.queue.StudentQueueTest" time="0.001"/>
  <testcase name="testEnqueueComErro" classname="adt.queue.StudentQueueTest" time="0.0"/>
</testsuite>